2018-03-21 17:03:37.672 [restartedMain] INFO  com.lyh.admin.Application - Starting Application on pc-PC with PID 9712 (E:\oneDriver\OneDrive\springBoot\spring-boot-shiro-freemarker\target\classes started by pc in E:\oneDriver\OneDrive\springBoot\spring-boot-shiro-freemarker)
2018-03-21 17:03:37.676 [restartedMain] DEBUG com.lyh.admin.Application - Running with Spring Boot v1.5.9.RELEASE, Spring v4.3.13.RELEASE
2018-03-21 17:03:37.676 [restartedMain] INFO  com.lyh.admin.Application - No active profile set, falling back to default profiles: default
2018-03-21 17:03:38.470 [background-preinit] DEBUG org.jboss.logging - Logging Provider: org.jboss.logging.Slf4jLoggerProvider found via system property
2018-03-21 17:03:43.404 [restartedMain] INFO  com.alibaba.druid.pool.DruidDataSource - {dataSource-1} inited
2018-03-21 17:03:51.560 [restartedMain] DEBUG org.hibernate.SQL - select resource0_.id as id1_0_, resource0_.create_time as create_t2_0_, resource0_.description as descript3_0_, resource0_.icon as icon4_0_, resource0_.is_hide as is_hide5_0_, resource0_.level as level6_0_, resource0_.name as name7_0_, resource0_.parent_id as parent_13_0_, resource0_.sort as sort8_0_, resource0_.source_key as source_k9_0_, resource0_.source_url as source_10_0_, resource0_.type as type11_0_, resource0_.update_time as update_12_0_ from tb_permission resource0_
2018-03-21 17:03:57.004 [restartedMain] INFO  org.apache.catalina.core.StandardService - Starting service [Tomcat]
2018-03-21 17:03:57.005 [restartedMain] INFO  org.apache.catalina.core.StandardEngine - Starting Servlet Engine: Apache Tomcat/8.5.23
2018-03-21 17:03:57.462 [localhost-startStop-1] INFO  org.apache.catalina.core.ContainerBase.[Tomcat].[localhost].[/] - Initializing Spring embedded WebApplicationContext
2018-03-21 17:03:59.991 [restartedMain] DEBUG net.sf.ehcache.config.ConfigurationFactory - Configuring ehcache from InputStream
2018-03-21 17:04:00.029 [restartedMain] DEBUG net.sf.ehcache.config.BeanHandler - Ignoring ehcache attribute xmlns:xsi
2018-03-21 17:04:00.030 [restartedMain] DEBUG net.sf.ehcache.config.BeanHandler - Ignoring ehcache attribute xsi:noNamespaceSchemaLocation
2018-03-21 17:04:00.032 [restartedMain] DEBUG net.sf.ehcache.config.DiskStoreConfiguration - Disk Store Path: C:\Users\pc\AppData\Local\Temp\
2018-03-21 17:04:00.076 [restartedMain] DEBUG net.sf.ehcache.CacheManager - Creating new CacheManager with Configuration Object
2018-03-21 17:04:00.092 [restartedMain] DEBUG net.sf.ehcache.util.PropertyUtil - propertiesString is null.
2018-03-21 17:04:00.138 [restartedMain] DEBUG net.sf.ehcache.config.ConfigurationHelper - No CacheManagerEventListenerFactory class specified. Skipping...
2018-03-21 17:04:00.339 [restartedMain] DEBUG net.sf.ehcache.Cache - No BootstrapCacheLoaderFactory class specified. Skipping...
2018-03-21 17:04:00.339 [restartedMain] DEBUG net.sf.ehcache.Cache - CacheWriter factory not configured. Skipping...
2018-03-21 17:04:00.339 [restartedMain] DEBUG net.sf.ehcache.config.ConfigurationHelper - No CacheExceptionHandlerFactory class specified. Skipping...
2018-03-21 17:04:00.364 [restartedMain] DEBUG net.sf.ehcache.Cache - No BootstrapCacheLoaderFactory class specified. Skipping...
2018-03-21 17:04:00.365 [restartedMain] DEBUG net.sf.ehcache.Cache - CacheWriter factory not configured. Skipping...
2018-03-21 17:04:00.365 [restartedMain] DEBUG net.sf.ehcache.config.ConfigurationHelper - No CacheExceptionHandlerFactory class specified. Skipping...
2018-03-21 17:04:00.389 [restartedMain] DEBUG net.sf.ehcache.DiskStorePathManager - Using diskstore path C:\Users\pc\AppData\Local\Temp
2018-03-21 17:04:00.389 [restartedMain] DEBUG net.sf.ehcache.DiskStorePathManager - Holding exclusive lock on C:\Users\pc\AppData\Local\Temp\.ehcache-diskstore.lock
2018-03-21 17:04:00.399 [restartedMain] DEBUG net.sf.ehcache.store.disk.DiskStorageFactory - Failed to delete file resource%0043ache.index
2018-03-21 17:04:00.412 [restartedMain] DEBUG net.sf.ehcache.store.disk.DiskStorageFactory - Matching data file missing (or empty) for index file. Deleting index file C:\Users\pc\AppData\Local\Temp\resource%0043ache.index
2018-03-21 17:04:00.413 [restartedMain] DEBUG net.sf.ehcache.store.disk.DiskStorageFactory - Failed to delete file resource%0043ache.index
2018-03-21 17:04:00.498 [restartedMain] DEBUG net.sf.ehcache.statistics.extended.ExtendedStatisticsImpl - Mocking Pass-Through Statistic: LOCAL_OFFHEAP_SIZE
2018-03-21 17:04:00.499 [restartedMain] DEBUG net.sf.ehcache.statistics.extended.ExtendedStatisticsImpl - Mocking Pass-Through Statistic: LOCAL_OFFHEAP_SIZE_BYTES
2018-03-21 17:04:00.500 [restartedMain] DEBUG net.sf.ehcache.statistics.extended.ExtendedStatisticsImpl - Mocking Pass-Through Statistic: WRITER_QUEUE_LENGTH
2018-03-21 17:04:00.500 [restartedMain] DEBUG net.sf.ehcache.statistics.extended.ExtendedStatisticsImpl - Mocking Pass-Through Statistic: REMOTE_SIZE
2018-03-21 17:04:00.500 [restartedMain] DEBUG net.sf.ehcache.statistics.extended.ExtendedStatisticsImpl - Mocking Pass-Through Statistic: LAST_REJOIN_TIMESTAMP
2018-03-21 17:04:00.550 [restartedMain] DEBUG net.sf.ehcache.statistics.extended.ExtendedStatisticsImpl - Mocking Operation Statistic: OFFHEAP_GET
2018-03-21 17:04:00.551 [restartedMain] DEBUG net.sf.ehcache.statistics.extended.ExtendedStatisticsImpl - Mocking Operation Statistic: OFFHEAP_PUT
2018-03-21 17:04:00.551 [restartedMain] DEBUG net.sf.ehcache.statistics.extended.ExtendedStatisticsImpl - Mocking Operation Statistic: OFFHEAP_REMOVE
2018-03-21 17:04:00.552 [restartedMain] DEBUG net.sf.ehcache.statistics.extended.ExtendedStatisticsImpl - Mocking Operation Statistic: XA_COMMIT
2018-03-21 17:04:00.552 [restartedMain] DEBUG net.sf.ehcache.statistics.extended.ExtendedStatisticsImpl - Mocking Operation Statistic: XA_ROLLBACK
2018-03-21 17:04:00.553 [restartedMain] DEBUG net.sf.ehcache.statistics.extended.ExtendedStatisticsImpl - Mocking Operation Statistic: XA_RECOVERY
2018-03-21 17:04:00.553 [restartedMain] DEBUG net.sf.ehcache.statistics.extended.ExtendedStatisticsImpl - Mocking Operation Statistic: CLUSTER_EVENT
2018-03-21 17:04:00.554 [restartedMain] DEBUG net.sf.ehcache.statistics.extended.ExtendedStatisticsImpl - Mocking Operation Statistic: NONSTOP
2018-03-21 17:04:00.560 [restartedMain] DEBUG net.sf.ehcache.Cache - Initialised cache: resourceCache
2018-03-21 17:04:00.560 [restartedMain] DEBUG net.sf.ehcache.config.ConfigurationHelper - CacheDecoratorFactory not configured. Skipping for 'resourceCache'.
2018-03-21 17:04:00.560 [restartedMain] DEBUG net.sf.ehcache.config.ConfigurationHelper - CacheDecoratorFactory not configured for defaultCache. Skipping for 'resourceCache'.
2018-03-21 17:04:05.267 [restartedMain] INFO  org.apache.coyote.http11.Http11NioProtocol - Initializing ProtocolHandler ["http-nio-80"]
2018-03-21 17:04:05.351 [restartedMain] INFO  org.apache.coyote.http11.Http11NioProtocol - Starting ProtocolHandler ["http-nio-80"]
2018-03-21 17:04:05.363 [restartedMain] INFO  org.apache.tomcat.util.net.NioSelectorPool - Using a shared selector for servlet write/read
2018-03-21 17:04:05.464 [restartedMain] INFO  com.lyh.admin.Application - Started Application in 28.307 seconds (JVM running for 31.636)
2018-03-21 17:04:05.464 [restartedMain] DEBUG com.lyh.admin.Application - 启动成功
2018-03-21 17:56:19.572 [restartedMain] INFO  com.lyh.admin.Application - Starting Application on pc-PC with PID 10492 (E:\oneDriver\OneDrive\springBoot\spring-boot-shiro-freemarker\target\classes started by pc in E:\oneDriver\OneDrive\springBoot\spring-boot-shiro-freemarker)
2018-03-21 17:56:19.574 [restartedMain] DEBUG com.lyh.admin.Application - Running with Spring Boot v1.5.9.RELEASE, Spring v4.3.13.RELEASE
2018-03-21 17:56:19.575 [restartedMain] INFO  com.lyh.admin.Application - No active profile set, falling back to default profiles: default
2018-03-21 17:56:19.779 [background-preinit] DEBUG org.jboss.logging - Logging Provider: org.jboss.logging.Slf4jLoggerProvider found via system property
2018-03-21 17:56:21.901 [restartedMain] INFO  com.alibaba.druid.pool.DruidDataSource - {dataSource-1} inited
2018-03-21 17:56:25.439 [restartedMain] DEBUG org.hibernate.SQL - select resource0_.id as id1_0_, resource0_.create_time as create_t2_0_, resource0_.description as descript3_0_, resource0_.icon as icon4_0_, resource0_.is_hide as is_hide5_0_, resource0_.level as level6_0_, resource0_.name as name7_0_, resource0_.parent_id as parent_13_0_, resource0_.sort as sort8_0_, resource0_.source_key as source_k9_0_, resource0_.source_url as source_10_0_, resource0_.type as type11_0_, resource0_.update_time as update_12_0_ from tb_permission resource0_
2018-03-21 17:56:25.831 [restartedMain] INFO  org.apache.catalina.core.StandardService - Starting service [Tomcat]
2018-03-21 17:56:25.832 [restartedMain] INFO  org.apache.catalina.core.StandardEngine - Starting Servlet Engine: Apache Tomcat/8.5.23
2018-03-21 17:56:25.944 [localhost-startStop-1] INFO  org.apache.catalina.core.ContainerBase.[Tomcat].[localhost].[/] - Initializing Spring embedded WebApplicationContext
2018-03-21 17:56:26.458 [restartedMain] DEBUG net.sf.ehcache.config.ConfigurationFactory - Configuring ehcache from InputStream
2018-03-21 17:56:26.472 [restartedMain] DEBUG net.sf.ehcache.config.BeanHandler - Ignoring ehcache attribute xmlns:xsi
2018-03-21 17:56:26.472 [restartedMain] DEBUG net.sf.ehcache.config.BeanHandler - Ignoring ehcache attribute xsi:noNamespaceSchemaLocation
2018-03-21 17:56:26.473 [restartedMain] DEBUG net.sf.ehcache.config.DiskStoreConfiguration - Disk Store Path: C:\Users\pc\AppData\Local\Temp\
2018-03-21 17:56:26.484 [restartedMain] DEBUG net.sf.ehcache.CacheManager - Creating new CacheManager with Configuration Object
2018-03-21 17:56:26.485 [restartedMain] DEBUG net.sf.ehcache.util.PropertyUtil - propertiesString is null.
2018-03-21 17:56:26.492 [restartedMain] DEBUG net.sf.ehcache.config.ConfigurationHelper - No CacheManagerEventListenerFactory class specified. Skipping...
2018-03-21 17:56:26.523 [restartedMain] DEBUG net.sf.ehcache.Cache - No BootstrapCacheLoaderFactory class specified. Skipping...
2018-03-21 17:56:26.523 [restartedMain] DEBUG net.sf.ehcache.Cache - CacheWriter factory not configured. Skipping...
2018-03-21 17:56:26.523 [restartedMain] DEBUG net.sf.ehcache.config.ConfigurationHelper - No CacheExceptionHandlerFactory class specified. Skipping...
2018-03-21 17:56:26.530 [restartedMain] DEBUG net.sf.ehcache.Cache - No BootstrapCacheLoaderFactory class specified. Skipping...
2018-03-21 17:56:26.530 [restartedMain] DEBUG net.sf.ehcache.Cache - CacheWriter factory not configured. Skipping...
2018-03-21 17:56:26.530 [restartedMain] DEBUG net.sf.ehcache.config.ConfigurationHelper - No CacheExceptionHandlerFactory class specified. Skipping...
2018-03-21 17:56:26.539 [restartedMain] DEBUG net.sf.ehcache.DiskStorePathManager - Using diskstore path C:\Users\pc\AppData\Local\Temp
2018-03-21 17:56:26.539 [restartedMain] DEBUG net.sf.ehcache.DiskStorePathManager - Holding exclusive lock on C:\Users\pc\AppData\Local\Temp\.ehcache-diskstore.lock
2018-03-21 17:56:26.540 [restartedMain] DEBUG net.sf.ehcache.store.disk.DiskStorageFactory - Failed to delete file resource%0043ache.index
2018-03-21 17:56:26.545 [restartedMain] DEBUG net.sf.ehcache.store.disk.DiskStorageFactory - Matching data file missing (or empty) for index file. Deleting index file C:\Users\pc\AppData\Local\Temp\resource%0043ache.index
2018-03-21 17:56:26.546 [restartedMain] DEBUG net.sf.ehcache.store.disk.DiskStorageFactory - Failed to delete file resource%0043ache.index
2018-03-21 17:56:26.592 [restartedMain] DEBUG net.sf.ehcache.statistics.extended.ExtendedStatisticsImpl - Mocking Pass-Through Statistic: LOCAL_OFFHEAP_SIZE
2018-03-21 17:56:26.593 [restartedMain] DEBUG net.sf.ehcache.statistics.extended.ExtendedStatisticsImpl - Mocking Pass-Through Statistic: LOCAL_OFFHEAP_SIZE_BYTES
2018-03-21 17:56:26.594 [restartedMain] DEBUG net.sf.ehcache.statistics.extended.ExtendedStatisticsImpl - Mocking Pass-Through Statistic: WRITER_QUEUE_LENGTH
2018-03-21 17:56:26.594 [restartedMain] DEBUG net.sf.ehcache.statistics.extended.ExtendedStatisticsImpl - Mocking Pass-Through Statistic: REMOTE_SIZE
2018-03-21 17:56:26.595 [restartedMain] DEBUG net.sf.ehcache.statistics.extended.ExtendedStatisticsImpl - Mocking Pass-Through Statistic: LAST_REJOIN_TIMESTAMP
2018-03-21 17:56:26.604 [restartedMain] DEBUG net.sf.ehcache.statistics.extended.ExtendedStatisticsImpl - Mocking Operation Statistic: OFFHEAP_GET
2018-03-21 17:56:26.605 [restartedMain] DEBUG net.sf.ehcache.statistics.extended.ExtendedStatisticsImpl - Mocking Operation Statistic: OFFHEAP_PUT
2018-03-21 17:56:26.606 [restartedMain] DEBUG net.sf.ehcache.statistics.extended.ExtendedStatisticsImpl - Mocking Operation Statistic: OFFHEAP_REMOVE
2018-03-21 17:56:26.606 [restartedMain] DEBUG net.sf.ehcache.statistics.extended.ExtendedStatisticsImpl - Mocking Operation Statistic: XA_COMMIT
2018-03-21 17:56:26.606 [restartedMain] DEBUG net.sf.ehcache.statistics.extended.ExtendedStatisticsImpl - Mocking Operation Statistic: XA_ROLLBACK
2018-03-21 17:56:26.606 [restartedMain] DEBUG net.sf.ehcache.statistics.extended.ExtendedStatisticsImpl - Mocking Operation Statistic: XA_RECOVERY
2018-03-21 17:56:26.607 [restartedMain] DEBUG net.sf.ehcache.statistics.extended.ExtendedStatisticsImpl - Mocking Operation Statistic: CLUSTER_EVENT
2018-03-21 17:56:26.607 [restartedMain] DEBUG net.sf.ehcache.statistics.extended.ExtendedStatisticsImpl - Mocking Operation Statistic: NONSTOP
2018-03-21 17:56:26.612 [restartedMain] DEBUG net.sf.ehcache.Cache - Initialised cache: resourceCache
2018-03-21 17:56:26.613 [restartedMain] DEBUG net.sf.ehcache.config.ConfigurationHelper - CacheDecoratorFactory not configured. Skipping for 'resourceCache'.
2018-03-21 17:56:26.613 [restartedMain] DEBUG net.sf.ehcache.config.ConfigurationHelper - CacheDecoratorFactory not configured for defaultCache. Skipping for 'resourceCache'.
2018-03-21 17:56:28.034 [restartedMain] INFO  org.apache.coyote.http11.Http11NioProtocol - Initializing ProtocolHandler ["http-nio-80"]
2018-03-21 17:56:28.043 [restartedMain] INFO  org.apache.coyote.http11.Http11NioProtocol - Starting ProtocolHandler ["http-nio-80"]
2018-03-21 17:56:28.055 [restartedMain] INFO  org.apache.tomcat.util.net.NioSelectorPool - Using a shared selector for servlet write/read
2018-03-21 17:56:28.082 [restartedMain] INFO  com.lyh.admin.Application - Started Application in 8.738 seconds (JVM running for 11.782)
2018-03-21 17:56:28.082 [restartedMain] DEBUG com.lyh.admin.Application - 启动成功
2018-03-21 18:09:05.030 [restartedMain] INFO  com.lyh.admin.Application - Starting Application on pc-PC with PID 8836 (E:\oneDriver\OneDrive\springBoot\spring-boot-shiro-freemarker\target\classes started by pc in E:\oneDriver\OneDrive\springBoot\spring-boot-shiro-freemarker)
2018-03-21 18:09:05.034 [restartedMain] DEBUG com.lyh.admin.Application - Running with Spring Boot v1.5.9.RELEASE, Spring v4.3.13.RELEASE
2018-03-21 18:09:05.035 [restartedMain] INFO  com.lyh.admin.Application - No active profile set, falling back to default profiles: default
2018-03-21 18:09:05.538 [background-preinit] DEBUG org.jboss.logging - Logging Provider: org.jboss.logging.Slf4jLoggerProvider found via system property
2018-03-21 18:09:08.733 [restartedMain] INFO  com.alibaba.druid.pool.DruidDataSource - {dataSource-1} inited
2018-03-21 18:09:11.852 [restartedMain] DEBUG org.hibernate.SQL - select resource0_.id as id1_0_, resource0_.create_time as create_t2_0_, resource0_.description as descript3_0_, resource0_.icon as icon4_0_, resource0_.is_hide as is_hide5_0_, resource0_.level as level6_0_, resource0_.name as name7_0_, resource0_.parent_id as parent_13_0_, resource0_.sort as sort8_0_, resource0_.source_key as source_k9_0_, resource0_.source_url as source_10_0_, resource0_.type as type11_0_, resource0_.update_time as update_12_0_ from tb_permission resource0_
2018-03-21 18:09:12.590 [restartedMain] INFO  org.apache.catalina.core.StandardService - Starting service [Tomcat]
2018-03-21 18:09:12.591 [restartedMain] INFO  org.apache.catalina.core.StandardEngine - Starting Servlet Engine: Apache Tomcat/8.5.23
2018-03-21 18:09:12.710 [localhost-startStop-1] INFO  org.apache.catalina.core.ContainerBase.[Tomcat].[localhost].[/] - Initializing Spring embedded WebApplicationContext
2018-03-21 18:09:13.700 [restartedMain] DEBUG net.sf.ehcache.config.ConfigurationFactory - Configuring ehcache from InputStream
2018-03-21 18:09:13.716 [restartedMain] DEBUG net.sf.ehcache.config.BeanHandler - Ignoring ehcache attribute xmlns:xsi
2018-03-21 18:09:13.717 [restartedMain] DEBUG net.sf.ehcache.config.BeanHandler - Ignoring ehcache attribute xsi:noNamespaceSchemaLocation
2018-03-21 18:09:13.718 [restartedMain] DEBUG net.sf.ehcache.config.DiskStoreConfiguration - Disk Store Path: C:\Users\pc\AppData\Local\Temp\
2018-03-21 18:09:13.732 [restartedMain] DEBUG net.sf.ehcache.CacheManager - Creating new CacheManager with Configuration Object
2018-03-21 18:09:13.735 [restartedMain] DEBUG net.sf.ehcache.util.PropertyUtil - propertiesString is null.
2018-03-21 18:09:13.741 [restartedMain] DEBUG net.sf.ehcache.config.ConfigurationHelper - No CacheManagerEventListenerFactory class specified. Skipping...
2018-03-21 18:09:13.781 [restartedMain] DEBUG net.sf.ehcache.Cache - No BootstrapCacheLoaderFactory class specified. Skipping...
2018-03-21 18:09:13.781 [restartedMain] DEBUG net.sf.ehcache.Cache - CacheWriter factory not configured. Skipping...
2018-03-21 18:09:13.782 [restartedMain] DEBUG net.sf.ehcache.config.ConfigurationHelper - No CacheExceptionHandlerFactory class specified. Skipping...
2018-03-21 18:09:13.791 [restartedMain] DEBUG net.sf.ehcache.Cache - No BootstrapCacheLoaderFactory class specified. Skipping...
2018-03-21 18:09:13.791 [restartedMain] DEBUG net.sf.ehcache.Cache - CacheWriter factory not configured. Skipping...
2018-03-21 18:09:13.791 [restartedMain] DEBUG net.sf.ehcache.config.ConfigurationHelper - No CacheExceptionHandlerFactory class specified. Skipping...
2018-03-21 18:09:13.803 [restartedMain] DEBUG net.sf.ehcache.DiskStorePathManager - Using diskstore path C:\Users\pc\AppData\Local\Temp
2018-03-21 18:09:13.803 [restartedMain] DEBUG net.sf.ehcache.DiskStorePathManager - Holding exclusive lock on C:\Users\pc\AppData\Local\Temp\.ehcache-diskstore.lock
2018-03-21 18:09:13.805 [restartedMain] DEBUG net.sf.ehcache.store.disk.DiskStorageFactory - Failed to delete file resource%0043ache.index
2018-03-21 18:09:13.812 [restartedMain] DEBUG net.sf.ehcache.store.disk.DiskStorageFactory - Matching data file missing (or empty) for index file. Deleting index file C:\Users\pc\AppData\Local\Temp\resource%0043ache.index
2018-03-21 18:09:13.813 [restartedMain] DEBUG net.sf.ehcache.store.disk.DiskStorageFactory - Failed to delete file resource%0043ache.index
2018-03-21 18:09:13.865 [restartedMain] DEBUG net.sf.ehcache.statistics.extended.ExtendedStatisticsImpl - Mocking Pass-Through Statistic: LOCAL_OFFHEAP_SIZE
2018-03-21 18:09:13.866 [restartedMain] DEBUG net.sf.ehcache.statistics.extended.ExtendedStatisticsImpl - Mocking Pass-Through Statistic: LOCAL_OFFHEAP_SIZE_BYTES
2018-03-21 18:09:13.867 [restartedMain] DEBUG net.sf.ehcache.statistics.extended.ExtendedStatisticsImpl - Mocking Pass-Through Statistic: WRITER_QUEUE_LENGTH
2018-03-21 18:09:13.867 [restartedMain] DEBUG net.sf.ehcache.statistics.extended.ExtendedStatisticsImpl - Mocking Pass-Through Statistic: REMOTE_SIZE
2018-03-21 18:09:13.867 [restartedMain] DEBUG net.sf.ehcache.statistics.extended.ExtendedStatisticsImpl - Mocking Pass-Through Statistic: LAST_REJOIN_TIMESTAMP
2018-03-21 18:09:13.882 [restartedMain] DEBUG net.sf.ehcache.statistics.extended.ExtendedStatisticsImpl - Mocking Operation Statistic: OFFHEAP_GET
2018-03-21 18:09:13.883 [restartedMain] DEBUG net.sf.ehcache.statistics.extended.ExtendedStatisticsImpl - Mocking Operation Statistic: OFFHEAP_PUT
2018-03-21 18:09:13.884 [restartedMain] DEBUG net.sf.ehcache.statistics.extended.ExtendedStatisticsImpl - Mocking Operation Statistic: OFFHEAP_REMOVE
2018-03-21 18:09:13.884 [restartedMain] DEBUG net.sf.ehcache.statistics.extended.ExtendedStatisticsImpl - Mocking Operation Statistic: XA_COMMIT
2018-03-21 18:09:13.885 [restartedMain] DEBUG net.sf.ehcache.statistics.extended.ExtendedStatisticsImpl - Mocking Operation Statistic: XA_ROLLBACK
2018-03-21 18:09:13.885 [restartedMain] DEBUG net.sf.ehcache.statistics.extended.ExtendedStatisticsImpl - Mocking Operation Statistic: XA_RECOVERY
2018-03-21 18:09:13.886 [restartedMain] DEBUG net.sf.ehcache.statistics.extended.ExtendedStatisticsImpl - Mocking Operation Statistic: CLUSTER_EVENT
2018-03-21 18:09:13.886 [restartedMain] DEBUG net.sf.ehcache.statistics.extended.ExtendedStatisticsImpl - Mocking Operation Statistic: NONSTOP
2018-03-21 18:09:13.892 [restartedMain] DEBUG net.sf.ehcache.Cache - Initialised cache: resourceCache
2018-03-21 18:09:13.892 [restartedMain] DEBUG net.sf.ehcache.config.ConfigurationHelper - CacheDecoratorFactory not configured. Skipping for 'resourceCache'.
2018-03-21 18:09:13.893 [restartedMain] DEBUG net.sf.ehcache.config.ConfigurationHelper - CacheDecoratorFactory not configured for defaultCache. Skipping for 'resourceCache'.
2018-03-21 18:09:17.517 [restartedMain] INFO  org.apache.coyote.http11.Http11NioProtocol - Initializing ProtocolHandler ["http-nio-80"]
2018-03-21 18:09:17.528 [restartedMain] INFO  org.apache.coyote.http11.Http11NioProtocol - Starting ProtocolHandler ["http-nio-80"]
2018-03-21 18:09:17.542 [restartedMain] INFO  org.apache.tomcat.util.net.NioSelectorPool - Using a shared selector for servlet write/read
2018-03-21 18:09:17.570 [restartedMain] INFO  com.lyh.admin.Application - Started Application in 12.984 seconds (JVM running for 14.613)
2018-03-21 18:09:17.570 [restartedMain] DEBUG com.lyh.admin.Application - 启动成功
2018-03-21 18:11:13.763 [restartedMain] INFO  com.lyh.admin.Application - Starting Application on pc-PC with PID 2076 (E:\oneDriver\OneDrive\springBoot\spring-boot-shiro-freemarker\target\classes started by pc in E:\oneDriver\OneDrive\springBoot\spring-boot-shiro-freemarker)
2018-03-21 18:11:13.767 [restartedMain] DEBUG com.lyh.admin.Application - Running with Spring Boot v1.5.9.RELEASE, Spring v4.3.13.RELEASE
2018-03-21 18:11:13.767 [restartedMain] INFO  com.lyh.admin.Application - No active profile set, falling back to default profiles: default
2018-03-21 18:11:14.196 [background-preinit] DEBUG org.jboss.logging - Logging Provider: org.jboss.logging.Slf4jLoggerProvider found via system property
2018-03-21 18:11:17.582 [restartedMain] INFO  com.alibaba.druid.pool.DruidDataSource - {dataSource-1} inited
2018-03-21 18:11:22.277 [restartedMain] DEBUG org.hibernate.SQL - select resource0_.id as id1_0_, resource0_.create_time as create_t2_0_, resource0_.description as descript3_0_, resource0_.icon as icon4_0_, resource0_.is_hide as is_hide5_0_, resource0_.level as level6_0_, resource0_.name as name7_0_, resource0_.parent_id as parent_13_0_, resource0_.sort as sort8_0_, resource0_.source_key as source_k9_0_, resource0_.source_url as source_10_0_, resource0_.type as type11_0_, resource0_.update_time as update_12_0_ from tb_permission resource0_
2018-03-21 18:11:22.877 [restartedMain] INFO  org.apache.catalina.core.StandardService - Starting service [Tomcat]
2018-03-21 18:11:22.878 [restartedMain] INFO  org.apache.catalina.core.StandardEngine - Starting Servlet Engine: Apache Tomcat/8.5.23
2018-03-21 18:11:22.986 [localhost-startStop-1] INFO  org.apache.catalina.core.ContainerBase.[Tomcat].[localhost].[/] - Initializing Spring embedded WebApplicationContext
2018-03-21 18:11:23.820 [restartedMain] DEBUG net.sf.ehcache.config.ConfigurationFactory - Configuring ehcache from InputStream
2018-03-21 18:11:23.833 [restartedMain] DEBUG net.sf.ehcache.config.BeanHandler - Ignoring ehcache attribute xmlns:xsi
2018-03-21 18:11:23.833 [restartedMain] DEBUG net.sf.ehcache.config.BeanHandler - Ignoring ehcache attribute xsi:noNamespaceSchemaLocation
2018-03-21 18:11:23.835 [restartedMain] DEBUG net.sf.ehcache.config.DiskStoreConfiguration - Disk Store Path: C:\Users\pc\AppData\Local\Temp\
2018-03-21 18:11:23.847 [restartedMain] DEBUG net.sf.ehcache.CacheManager - Creating new CacheManager with Configuration Object
2018-03-21 18:11:23.849 [restartedMain] DEBUG net.sf.ehcache.util.PropertyUtil - propertiesString is null.
2018-03-21 18:11:23.855 [restartedMain] DEBUG net.sf.ehcache.config.ConfigurationHelper - No CacheManagerEventListenerFactory class specified. Skipping...
2018-03-21 18:11:23.887 [restartedMain] DEBUG net.sf.ehcache.Cache - No BootstrapCacheLoaderFactory class specified. Skipping...
2018-03-21 18:11:23.887 [restartedMain] DEBUG net.sf.ehcache.Cache - CacheWriter factory not configured. Skipping...
2018-03-21 18:11:23.887 [restartedMain] DEBUG net.sf.ehcache.config.ConfigurationHelper - No CacheExceptionHandlerFactory class specified. Skipping...
2018-03-21 18:11:23.894 [restartedMain] DEBUG net.sf.ehcache.Cache - No BootstrapCacheLoaderFactory class specified. Skipping...
2018-03-21 18:11:23.894 [restartedMain] DEBUG net.sf.ehcache.Cache - CacheWriter factory not configured. Skipping...
2018-03-21 18:11:23.894 [restartedMain] DEBUG net.sf.ehcache.config.ConfigurationHelper - No CacheExceptionHandlerFactory class specified. Skipping...
2018-03-21 18:11:23.902 [restartedMain] DEBUG net.sf.ehcache.DiskStorePathManager - Using diskstore path C:\Users\pc\AppData\Local\Temp
2018-03-21 18:11:23.902 [restartedMain] DEBUG net.sf.ehcache.DiskStorePathManager - Holding exclusive lock on C:\Users\pc\AppData\Local\Temp\.ehcache-diskstore.lock
2018-03-21 18:11:23.904 [restartedMain] DEBUG net.sf.ehcache.store.disk.DiskStorageFactory - Failed to delete file resource%0043ache.index
2018-03-21 18:11:23.913 [restartedMain] DEBUG net.sf.ehcache.store.disk.DiskStorageFactory - Matching data file missing (or empty) for index file. Deleting index file C:\Users\pc\AppData\Local\Temp\resource%0043ache.index
2018-03-21 18:11:23.914 [restartedMain] DEBUG net.sf.ehcache.store.disk.DiskStorageFactory - Failed to delete file resource%0043ache.index
2018-03-21 18:11:23.955 [restartedMain] DEBUG net.sf.ehcache.statistics.extended.ExtendedStatisticsImpl - Mocking Pass-Through Statistic: LOCAL_OFFHEAP_SIZE
2018-03-21 18:11:23.956 [restartedMain] DEBUG net.sf.ehcache.statistics.extended.ExtendedStatisticsImpl - Mocking Pass-Through Statistic: LOCAL_OFFHEAP_SIZE_BYTES
2018-03-21 18:11:23.957 [restartedMain] DEBUG net.sf.ehcache.statistics.extended.ExtendedStatisticsImpl - Mocking Pass-Through Statistic: WRITER_QUEUE_LENGTH
2018-03-21 18:11:23.957 [restartedMain] DEBUG net.sf.ehcache.statistics.extended.ExtendedStatisticsImpl - Mocking Pass-Through Statistic: REMOTE_SIZE
2018-03-21 18:11:23.957 [restartedMain] DEBUG net.sf.ehcache.statistics.extended.ExtendedStatisticsImpl - Mocking Pass-Through Statistic: LAST_REJOIN_TIMESTAMP
2018-03-21 18:11:23.968 [restartedMain] DEBUG net.sf.ehcache.statistics.extended.ExtendedStatisticsImpl - Mocking Operation Statistic: OFFHEAP_GET
2018-03-21 18:11:23.969 [restartedMain] DEBUG net.sf.ehcache.statistics.extended.ExtendedStatisticsImpl - Mocking Operation Statistic: OFFHEAP_PUT
2018-03-21 18:11:23.969 [restartedMain] DEBUG net.sf.ehcache.statistics.extended.ExtendedStatisticsImpl - Mocking Operation Statistic: OFFHEAP_REMOVE
2018-03-21 18:11:23.970 [restartedMain] DEBUG net.sf.ehcache.statistics.extended.ExtendedStatisticsImpl - Mocking Operation Statistic: XA_COMMIT
2018-03-21 18:11:23.970 [restartedMain] DEBUG net.sf.ehcache.statistics.extended.ExtendedStatisticsImpl - Mocking Operation Statistic: XA_ROLLBACK
2018-03-21 18:11:23.971 [restartedMain] DEBUG net.sf.ehcache.statistics.extended.ExtendedStatisticsImpl - Mocking Operation Statistic: XA_RECOVERY
2018-03-21 18:11:23.971 [restartedMain] DEBUG net.sf.ehcache.statistics.extended.ExtendedStatisticsImpl - Mocking Operation Statistic: CLUSTER_EVENT
2018-03-21 18:11:23.971 [restartedMain] DEBUG net.sf.ehcache.statistics.extended.ExtendedStatisticsImpl - Mocking Operation Statistic: NONSTOP
2018-03-21 18:11:23.975 [restartedMain] DEBUG net.sf.ehcache.Cache - Initialised cache: resourceCache
2018-03-21 18:11:23.975 [restartedMain] DEBUG net.sf.ehcache.config.ConfigurationHelper - CacheDecoratorFactory not configured. Skipping for 'resourceCache'.
2018-03-21 18:11:23.976 [restartedMain] DEBUG net.sf.ehcache.config.ConfigurationHelper - CacheDecoratorFactory not configured for defaultCache. Skipping for 'resourceCache'.
2018-03-21 18:11:26.969 [restartedMain] INFO  org.apache.coyote.http11.Http11NioProtocol - Initializing ProtocolHandler ["http-nio-80"]
2018-03-21 18:11:26.982 [restartedMain] INFO  org.apache.coyote.http11.Http11NioProtocol - Starting ProtocolHandler ["http-nio-80"]
2018-03-21 18:11:26.995 [restartedMain] INFO  org.apache.tomcat.util.net.NioSelectorPool - Using a shared selector for servlet write/read
2018-03-21 18:11:27.022 [restartedMain] INFO  com.lyh.admin.Application - Started Application in 13.675 seconds (JVM running for 16.046)
2018-03-21 18:11:27.022 [restartedMain] DEBUG com.lyh.admin.Application - 启动成功
2018-03-21 18:12:58.866 [restartedMain] INFO  com.lyh.admin.Application - Starting Application on pc-PC with PID 3480 (E:\oneDriver\OneDrive\springBoot\spring-boot-shiro-freemarker\target\classes started by pc in E:\oneDriver\OneDrive\springBoot\spring-boot-shiro-freemarker)
2018-03-21 18:12:59.224 [restartedMain] DEBUG com.lyh.admin.Application - Running with Spring Boot v1.5.9.RELEASE, Spring v4.3.13.RELEASE
2018-03-21 18:12:59.224 [restartedMain] INFO  com.lyh.admin.Application - No active profile set, falling back to default profiles: default
2018-03-21 18:12:59.254 [background-preinit] DEBUG org.jboss.logging - Logging Provider: org.jboss.logging.Slf4jLoggerProvider found via system property
2018-03-21 18:13:02.740 [restartedMain] INFO  com.alibaba.druid.pool.DruidDataSource - {dataSource-1} inited
2018-03-21 18:13:05.438 [restartedMain] DEBUG org.hibernate.SQL - select resource0_.id as id1_0_, resource0_.create_time as create_t2_0_, resource0_.description as descript3_0_, resource0_.icon as icon4_0_, resource0_.is_hide as is_hide5_0_, resource0_.level as level6_0_, resource0_.name as name7_0_, resource0_.parent_id as parent_13_0_, resource0_.sort as sort8_0_, resource0_.source_key as source_k9_0_, resource0_.source_url as source_10_0_, resource0_.type as type11_0_, resource0_.update_time as update_12_0_ from tb_permission resource0_
2018-03-21 18:13:06.045 [restartedMain] INFO  org.apache.catalina.core.StandardService - Starting service [Tomcat]
2018-03-21 18:13:06.046 [restartedMain] INFO  org.apache.catalina.core.StandardEngine - Starting Servlet Engine: Apache Tomcat/8.5.23
2018-03-21 18:13:06.193 [localhost-startStop-1] INFO  org.apache.catalina.core.ContainerBase.[Tomcat].[localhost].[/] - Initializing Spring embedded WebApplicationContext
2018-03-21 18:13:07.216 [restartedMain] DEBUG net.sf.ehcache.config.ConfigurationFactory - Configuring ehcache from InputStream
2018-03-21 18:13:07.232 [restartedMain] DEBUG net.sf.ehcache.config.BeanHandler - Ignoring ehcache attribute xmlns:xsi
2018-03-21 18:13:07.233 [restartedMain] DEBUG net.sf.ehcache.config.BeanHandler - Ignoring ehcache attribute xsi:noNamespaceSchemaLocation
2018-03-21 18:13:07.234 [restartedMain] DEBUG net.sf.ehcache.config.DiskStoreConfiguration - Disk Store Path: C:\Users\pc\AppData\Local\Temp\
2018-03-21 18:13:07.250 [restartedMain] DEBUG net.sf.ehcache.CacheManager - Creating new CacheManager with Configuration Object
2018-03-21 18:13:07.255 [restartedMain] DEBUG net.sf.ehcache.util.PropertyUtil - propertiesString is null.
2018-03-21 18:13:07.267 [restartedMain] DEBUG net.sf.ehcache.config.ConfigurationHelper - No CacheManagerEventListenerFactory class specified. Skipping...
2018-03-21 18:13:07.320 [restartedMain] DEBUG net.sf.ehcache.Cache - No BootstrapCacheLoaderFactory class specified. Skipping...
2018-03-21 18:13:07.320 [restartedMain] DEBUG net.sf.ehcache.Cache - CacheWriter factory not configured. Skipping...
2018-03-21 18:13:07.320 [restartedMain] DEBUG net.sf.ehcache.config.ConfigurationHelper - No CacheExceptionHandlerFactory class specified. Skipping...
2018-03-21 18:13:07.336 [restartedMain] DEBUG net.sf.ehcache.Cache - No BootstrapCacheLoaderFactory class specified. Skipping...
2018-03-21 18:13:07.336 [restartedMain] DEBUG net.sf.ehcache.Cache - CacheWriter factory not configured. Skipping...
2018-03-21 18:13:07.336 [restartedMain] DEBUG net.sf.ehcache.config.ConfigurationHelper - No CacheExceptionHandlerFactory class specified. Skipping...
2018-03-21 18:13:07.353 [restartedMain] DEBUG net.sf.ehcache.DiskStorePathManager - Using diskstore path C:\Users\pc\AppData\Local\Temp
2018-03-21 18:13:07.353 [restartedMain] DEBUG net.sf.ehcache.DiskStorePathManager - Holding exclusive lock on C:\Users\pc\AppData\Local\Temp\.ehcache-diskstore.lock
2018-03-21 18:13:07.356 [restartedMain] DEBUG net.sf.ehcache.store.disk.DiskStorageFactory - Failed to delete file resource%0043ache.index
2018-03-21 18:13:07.366 [restartedMain] DEBUG net.sf.ehcache.store.disk.DiskStorageFactory - Matching data file missing (or empty) for index file. Deleting index file C:\Users\pc\AppData\Local\Temp\resource%0043ache.index
2018-03-21 18:13:07.367 [restartedMain] DEBUG net.sf.ehcache.store.disk.DiskStorageFactory - Failed to delete file resource%0043ache.index
2018-03-21 18:13:07.429 [restartedMain] DEBUG net.sf.ehcache.statistics.extended.ExtendedStatisticsImpl - Mocking Pass-Through Statistic: LOCAL_OFFHEAP_SIZE
2018-03-21 18:13:07.430 [restartedMain] DEBUG net.sf.ehcache.statistics.extended.ExtendedStatisticsImpl - Mocking Pass-Through Statistic: LOCAL_OFFHEAP_SIZE_BYTES
2018-03-21 18:13:07.430 [restartedMain] DEBUG net.sf.ehcache.statistics.extended.ExtendedStatisticsImpl - Mocking Pass-Through Statistic: WRITER_QUEUE_LENGTH
2018-03-21 18:13:07.431 [restartedMain] DEBUG net.sf.ehcache.statistics.extended.ExtendedStatisticsImpl - Mocking Pass-Through Statistic: REMOTE_SIZE
2018-03-21 18:13:07.431 [restartedMain] DEBUG net.sf.ehcache.statistics.extended.ExtendedStatisticsImpl - Mocking Pass-Through Statistic: LAST_REJOIN_TIMESTAMP
2018-03-21 18:13:07.446 [restartedMain] DEBUG net.sf.ehcache.statistics.extended.ExtendedStatisticsImpl - Mocking Operation Statistic: OFFHEAP_GET
2018-03-21 18:13:07.446 [restartedMain] DEBUG net.sf.ehcache.statistics.extended.ExtendedStatisticsImpl - Mocking Operation Statistic: OFFHEAP_PUT
2018-03-21 18:13:07.447 [restartedMain] DEBUG net.sf.ehcache.statistics.extended.ExtendedStatisticsImpl - Mocking Operation Statistic: OFFHEAP_REMOVE
2018-03-21 18:13:07.448 [restartedMain] DEBUG net.sf.ehcache.statistics.extended.ExtendedStatisticsImpl - Mocking Operation Statistic: XA_COMMIT
2018-03-21 18:13:07.448 [restartedMain] DEBUG net.sf.ehcache.statistics.extended.ExtendedStatisticsImpl - Mocking Operation Statistic: XA_ROLLBACK
2018-03-21 18:13:07.448 [restartedMain] DEBUG net.sf.ehcache.statistics.extended.ExtendedStatisticsImpl - Mocking Operation Statistic: XA_RECOVERY
2018-03-21 18:13:07.449 [restartedMain] DEBUG net.sf.ehcache.statistics.extended.ExtendedStatisticsImpl - Mocking Operation Statistic: CLUSTER_EVENT
2018-03-21 18:13:07.449 [restartedMain] DEBUG net.sf.ehcache.statistics.extended.ExtendedStatisticsImpl - Mocking Operation Statistic: NONSTOP
2018-03-21 18:13:07.455 [restartedMain] DEBUG net.sf.ehcache.Cache - Initialised cache: resourceCache
2018-03-21 18:13:07.455 [restartedMain] DEBUG net.sf.ehcache.config.ConfigurationHelper - CacheDecoratorFactory not configured. Skipping for 'resourceCache'.
2018-03-21 18:13:07.455 [restartedMain] DEBUG net.sf.ehcache.config.ConfigurationHelper - CacheDecoratorFactory not configured for defaultCache. Skipping for 'resourceCache'.
2018-03-21 18:13:10.137 [restartedMain] INFO  org.apache.coyote.http11.Http11NioProtocol - Initializing ProtocolHandler ["http-nio-80"]
2018-03-21 18:13:10.148 [restartedMain] INFO  org.apache.coyote.http11.Http11NioProtocol - Starting ProtocolHandler ["http-nio-80"]
2018-03-21 18:13:10.165 [restartedMain] INFO  org.apache.tomcat.util.net.NioSelectorPool - Using a shared selector for servlet write/read
2018-03-21 18:13:10.201 [restartedMain] INFO  com.lyh.admin.Application - Started Application in 12.088 seconds (JVM running for 13.741)
2018-03-21 18:13:10.201 [restartedMain] DEBUG com.lyh.admin.Application - 启动成功
2018-03-21 18:13:50.808 [restartedMain] INFO  com.lyh.admin.Application - Starting Application on pc-PC with PID 7868 (E:\oneDriver\OneDrive\springBoot\spring-boot-shiro-freemarker\target\classes started by pc in E:\oneDriver\OneDrive\springBoot\spring-boot-shiro-freemarker)
2018-03-21 18:13:50.820 [restartedMain] DEBUG com.lyh.admin.Application - Running with Spring Boot v1.5.9.RELEASE, Spring v4.3.13.RELEASE
2018-03-21 18:13:50.821 [restartedMain] INFO  com.lyh.admin.Application - No active profile set, falling back to default profiles: default
2018-03-21 18:13:51.160 [background-preinit] DEBUG org.jboss.logging - Logging Provider: org.jboss.logging.Slf4jLoggerProvider found via system property
2018-03-21 18:13:54.468 [restartedMain] INFO  com.alibaba.druid.pool.DruidDataSource - {dataSource-1} inited
2018-03-21 18:13:57.123 [restartedMain] DEBUG org.hibernate.SQL - select resource0_.id as id1_0_, resource0_.create_time as create_t2_0_, resource0_.description as descript3_0_, resource0_.icon as icon4_0_, resource0_.is_hide as is_hide5_0_, resource0_.level as level6_0_, resource0_.name as name7_0_, resource0_.parent_id as parent_13_0_, resource0_.sort as sort8_0_, resource0_.source_key as source_k9_0_, resource0_.source_url as source_10_0_, resource0_.type as type11_0_, resource0_.update_time as update_12_0_ from tb_permission resource0_
2018-03-21 18:13:57.804 [restartedMain] INFO  org.apache.catalina.core.StandardService - Starting service [Tomcat]
2018-03-21 18:13:57.805 [restartedMain] INFO  org.apache.catalina.core.StandardEngine - Starting Servlet Engine: Apache Tomcat/8.5.23
2018-03-21 18:13:57.918 [localhost-startStop-1] INFO  org.apache.catalina.core.ContainerBase.[Tomcat].[localhost].[/] - Initializing Spring embedded WebApplicationContext
2018-03-21 18:13:58.813 [restartedMain] DEBUG net.sf.ehcache.config.ConfigurationFactory - Configuring ehcache from InputStream
2018-03-21 18:13:58.828 [restartedMain] DEBUG net.sf.ehcache.config.BeanHandler - Ignoring ehcache attribute xmlns:xsi
2018-03-21 18:13:58.829 [restartedMain] DEBUG net.sf.ehcache.config.BeanHandler - Ignoring ehcache attribute xsi:noNamespaceSchemaLocation
2018-03-21 18:13:58.830 [restartedMain] DEBUG net.sf.ehcache.config.DiskStoreConfiguration - Disk Store Path: C:\Users\pc\AppData\Local\Temp\
2018-03-21 18:13:58.840 [restartedMain] DEBUG net.sf.ehcache.CacheManager - Creating new CacheManager with Configuration Object
2018-03-21 18:13:58.843 [restartedMain] DEBUG net.sf.ehcache.util.PropertyUtil - propertiesString is null.
2018-03-21 18:13:58.849 [restartedMain] DEBUG net.sf.ehcache.config.ConfigurationHelper - No CacheManagerEventListenerFactory class specified. Skipping...
2018-03-21 18:13:58.882 [restartedMain] DEBUG net.sf.ehcache.Cache - No BootstrapCacheLoaderFactory class specified. Skipping...
2018-03-21 18:13:58.882 [restartedMain] DEBUG net.sf.ehcache.Cache - CacheWriter factory not configured. Skipping...
2018-03-21 18:13:58.882 [restartedMain] DEBUG net.sf.ehcache.config.ConfigurationHelper - No CacheExceptionHandlerFactory class specified. Skipping...
2018-03-21 18:13:58.887 [restartedMain] DEBUG net.sf.ehcache.Cache - No BootstrapCacheLoaderFactory class specified. Skipping...
2018-03-21 18:13:58.888 [restartedMain] DEBUG net.sf.ehcache.Cache - CacheWriter factory not configured. Skipping...
2018-03-21 18:13:58.888 [restartedMain] DEBUG net.sf.ehcache.config.ConfigurationHelper - No CacheExceptionHandlerFactory class specified. Skipping...
2018-03-21 18:13:58.897 [restartedMain] DEBUG net.sf.ehcache.DiskStorePathManager - Using diskstore path C:\Users\pc\AppData\Local\Temp
2018-03-21 18:13:58.897 [restartedMain] DEBUG net.sf.ehcache.DiskStorePathManager - Holding exclusive lock on C:\Users\pc\AppData\Local\Temp\.ehcache-diskstore.lock
2018-03-21 18:13:58.898 [restartedMain] DEBUG net.sf.ehcache.store.disk.DiskStorageFactory - Failed to delete file resource%0043ache.index
2018-03-21 18:13:58.903 [restartedMain] DEBUG net.sf.ehcache.store.disk.DiskStorageFactory - Matching data file missing (or empty) for index file. Deleting index file C:\Users\pc\AppData\Local\Temp\resource%0043ache.index
2018-03-21 18:13:58.904 [restartedMain] DEBUG net.sf.ehcache.store.disk.DiskStorageFactory - Failed to delete file resource%0043ache.index
2018-03-21 18:13:58.946 [restartedMain] DEBUG net.sf.ehcache.statistics.extended.ExtendedStatisticsImpl - Mocking Pass-Through Statistic: LOCAL_OFFHEAP_SIZE
2018-03-21 18:13:58.947 [restartedMain] DEBUG net.sf.ehcache.statistics.extended.ExtendedStatisticsImpl - Mocking Pass-Through Statistic: LOCAL_OFFHEAP_SIZE_BYTES
2018-03-21 18:13:58.947 [restartedMain] DEBUG net.sf.ehcache.statistics.extended.ExtendedStatisticsImpl - Mocking Pass-Through Statistic: WRITER_QUEUE_LENGTH
2018-03-21 18:13:58.948 [restartedMain] DEBUG net.sf.ehcache.statistics.extended.ExtendedStatisticsImpl - Mocking Pass-Through Statistic: REMOTE_SIZE
2018-03-21 18:13:58.948 [restartedMain] DEBUG net.sf.ehcache.statistics.extended.ExtendedStatisticsImpl - Mocking Pass-Through Statistic: LAST_REJOIN_TIMESTAMP
2018-03-21 18:13:58.959 [restartedMain] DEBUG net.sf.ehcache.statistics.extended.ExtendedStatisticsImpl - Mocking Operation Statistic: OFFHEAP_GET
2018-03-21 18:13:58.960 [restartedMain] DEBUG net.sf.ehcache.statistics.extended.ExtendedStatisticsImpl - Mocking Operation Statistic: OFFHEAP_PUT
2018-03-21 18:13:58.960 [restartedMain] DEBUG net.sf.ehcache.statistics.extended.ExtendedStatisticsImpl - Mocking Operation Statistic: OFFHEAP_REMOVE
2018-03-21 18:13:58.961 [restartedMain] DEBUG net.sf.ehcache.statistics.extended.ExtendedStatisticsImpl - Mocking Operation Statistic: XA_COMMIT
2018-03-21 18:13:58.961 [restartedMain] DEBUG net.sf.ehcache.statistics.extended.ExtendedStatisticsImpl - Mocking Operation Statistic: XA_ROLLBACK
2018-03-21 18:13:58.961 [restartedMain] DEBUG net.sf.ehcache.statistics.extended.ExtendedStatisticsImpl - Mocking Operation Statistic: XA_RECOVERY
2018-03-21 18:13:58.962 [restartedMain] DEBUG net.sf.ehcache.statistics.extended.ExtendedStatisticsImpl - Mocking Operation Statistic: CLUSTER_EVENT
2018-03-21 18:13:58.962 [restartedMain] DEBUG net.sf.ehcache.statistics.extended.ExtendedStatisticsImpl - Mocking Operation Statistic: NONSTOP
2018-03-21 18:13:58.966 [restartedMain] DEBUG net.sf.ehcache.Cache - Initialised cache: resourceCache
2018-03-21 18:13:58.967 [restartedMain] DEBUG net.sf.ehcache.config.ConfigurationHelper - CacheDecoratorFactory not configured. Skipping for 'resourceCache'.
2018-03-21 18:13:58.967 [restartedMain] DEBUG net.sf.ehcache.config.ConfigurationHelper - CacheDecoratorFactory not configured for defaultCache. Skipping for 'resourceCache'.
2018-03-21 18:14:01.728 [restartedMain] INFO  org.apache.coyote.http11.Http11NioProtocol - Initializing ProtocolHandler ["http-nio-80"]
2018-03-21 18:14:01.738 [restartedMain] INFO  org.apache.coyote.http11.Http11NioProtocol - Starting ProtocolHandler ["http-nio-80"]
2018-03-21 18:14:01.750 [restartedMain] INFO  org.apache.tomcat.util.net.NioSelectorPool - Using a shared selector for servlet write/read
2018-03-21 18:14:01.778 [restartedMain] INFO  com.lyh.admin.Application - Started Application in 11.573 seconds (JVM running for 14.466)
2018-03-21 18:14:01.778 [restartedMain] DEBUG com.lyh.admin.Application - 启动成功
